<?xml version="1.0" encoding="UTF-8"?>
<!-- Generated by org.testng.reporters.JUnitReportReporter -->
<testsuite skipped="0" hostname="DESKTOP-MQ9AP32" name="SpiceJet_UI_Validation.Test_SpiceJet_FrontPage" tests="1" failures="0" timestamp="02 Oct 2020 09:45:04 GMT" time="14.914" errors="0">
  <testcase name="openBrowser" time="14.914" classname="SpiceJet_UI_Validation.Test_SpiceJet_FrontPage"/>
</testsuite> <!-- SpiceJet_UI_Validation.Test_SpiceJet_FrontPage -->
